<?xml version="1.0" encoding="UTF-8"?>
<testsuite xmlns:xsi="http://www.w3.org/2001/XMLSchema-instance" xsi:noNamespaceSchemaLocation="https://maven.apache.org/surefire/maven-surefire-plugin/xsd/surefire-test-report.xsd" version="3.0.2" name="com.hireconnect.job.service.JobServiceImpTest" time="0.435" tests="5" errors="0" skipped="0" failures="0">
  <properties>
[...]
</properties>
  <testcase name="getAllJobs_ShouldReturnList" classname="com.hireconnect.job.service.JobServiceImpTest" time="0.395"/>
  <testcase name="deleteJob_ShouldMarkAsDeleted" classname="com.hireconnect.job.service.JobServiceImpTest" time="0.016"/>
  <testcase name="getJobById_ShouldReturnJob" classname="com.hireconnect.job.service.JobServiceImpTest" time="0.003"/>
  <testcase name="addJob_ShouldReturnSavedJob" classname="com.hireconnect.job.service.JobServiceImpTest" time="0.01"/>
  <testcase name="updateJob_ShouldReturnUpdatedJob" classname="com.hireconnect.job.service.JobServiceImpTest" time="0.004"/>
</testsuite>