<?xml version="1.0" encoding="UTF-8"?>
<testsuite xmlns:xsi="http://www.w3.org/2001/XMLSchema-instance" xsi:noNamespaceSchemaLocation="https://maven.apache.org/surefire/maven-surefire-plugin/xsd/surefire-test-report-3.0.xsd" version="3.0" name="com.hireconnect.notification.service.NotificationServiceImpTest" time="1.586" tests="10" errors="0" skipped="0" failures="0">
  <properties>
[...]
</properties>
  <testcase name="markAsRead_NotFound_ShouldThrow" classname="com.hireconnect.notification.service.NotificationServiceImpTest" time="1.457">
    <system-err><![CDATA[WARNING: A Java agent has been loaded dynamically (C:\Users\lenovo\.m2\repository\net\bytebuddy\byte-buddy-agent\1.14.19\byte-buddy-agent-1.14.19.jar)
WARNING: If a serviceability tool is in use, please run with -XX:+EnableDynamicAgentLoading to hide this warning
WARNING: If a serviceability tool is not in use, please run with -Djdk.instrument.traceUsage for more information
WARNING: Dynamic loading of agents will be disallowed by default in a future release
]]></system-err>
  </testcase>
  <testcase name="getByUser_ShouldReturnNotifications" classname="com.hireconnect.notification.service.NotificationServiceImpTest" time="0.008"/>
  <testcase name="getUnreadCount_ShouldReturnCorrectCount" classname="com.hireconnect.notification.service.NotificationServiceImpTest" time="0.004"/>
  <testcase name="markAsRead_ShouldSetReadTrue" classname="com.hireconnect.notification.service.NotificationServiceImpTest" time="0.021"/>
  <testcase name="deleteNotification_NotFound_ShouldThrow" classname="com.hireconnect.notification.service.NotificationServiceImpTest" time="0.005"/>
  <testcase name="markAllRead_ShouldMarkAllUnreadAsRead" classname="com.hireconnect.notification.service.NotificationServiceImpTest" time="0.004"/>
  <testcase name="deleteNotification_ShouldDelete" classname="com.hireconnect.notification.service.NotificationServiceImpTest" time="0.002"/>
  <testcase name="sendEmailAlert_ShouldSendEmail" classname="com.hireconnect.notification.service.NotificationServiceImpTest" time="0.014"/>
  <testcase name="sendNotification_ShouldSetDefaultsAndSave" classname="com.hireconnect.notification.service.NotificationServiceImpTest" time="0.007"/>
  <testcase name="sendNotification_WithExistingTimestamp_ShouldPreserveIt" classname="com.hireconnect.notification.service.NotificationServiceImpTest" time="0.01"/>
</testsuite>